<?xml version="1.0" encoding="UTF-8"?>
<testng-results ignored="2" total="4" passed="1" failed="1" skipped="0">
  <reporter-output>
  </reporter-output>
  <suite started-at="2023-12-14T14:58:08 GMT" name="Default suite" finished-at="2023-12-14T14:58:52 GMT" duration-ms="43482">
    <groups>
    </groups>
    <test started-at="2023-12-14T14:58:08 GMT" name="Default test" finished-at="2023-12-14T14:58:52 GMT" duration-ms="43482">
      <class name="TestScripts.TestNGGoogle">
        <test-method is-config="true" signature="pageSetUp()[pri:0, instance:TestScripts.TestNGGoogle@3315d2d7]" started-at="2023-12-14T14:58:08 GMT" name="pageSetUp" finished-at="2023-12-14T14:58:39 GMT" duration-ms="30413" status="PASS">
          <reporter-output>
          </reporter-output>
        </test-method> <!-- pageSetUp -->
        <test-method signature="SeleniumTutorial()[pri:0, instance:TestScripts.TestNGGoogle@3315d2d7]" started-at="2023-12-14T14:58:39 GMT" name="SeleniumTutorial" finished-at="2023-12-14T14:58:47 GMT" duration-ms="7922" status="FAIL">
          <exception class="java.lang.AssertionError">
            <message>
              <![CDATA[expected [SeleniumTutorial - Google Search Page] but found [SeleniumTutorial - Google Search]]]>
            </message>
            <full-stacktrace>
              <![CDATA[java.lang.AssertionError: expected [SeleniumTutorial - Google Search Page] but found [SeleniumTutorial - Google Search]
at org.testng.Assert.fail(Assert.java:99)
at org.testng.Assert.failNotEquals(Assert.java:1037)
at org.testng.Assert.assertEqualsImpl(Assert.java:140)
at org.testng.Assert.assertEquals(Assert.java:122)
at org.testng.Assert.assertEquals(Assert.java:629)
at org.testng.Assert.assertEquals(Assert.java:639)
at TestScripts.TestNGGoogle.SeleniumTutorial(TestNGGoogle.java:37)
at java.base/jdk.internal.reflect.NativeMethodAccessorImpl.invoke0(Native Method)
at java.base/jdk.internal.reflect.NativeMethodAccessorImpl.invoke(NativeMethodAccessorImpl.java:78)
at java.base/jdk.internal.reflect.DelegatingMethodAccessorImpl.invoke(DelegatingMethodAccessorImpl.java:43)
at java.base/java.lang.reflect.Method.invoke(Method.java:567)
at org.testng.internal.MethodInvocationHelper.invokeMethod(MethodInvocationHelper.java:132)
at org.testng.internal.TestInvoker.invokeMethod(TestInvoker.java:599)
at org.testng.internal.TestInvoker.invokeTestMethod(TestInvoker.java:174)
at org.testng.internal.MethodRunner.runInSequence(MethodRunner.java:46)
at org.testng.internal.TestInvoker$MethodInvocationAgent.invoke(TestInvoker.java:822)
at org.testng.internal.TestInvoker.invokeTestMethods(TestInvoker.java:147)
at org.testng.internal.TestMethodWorker.invokeTestMethods(TestMethodWorker.java:146)
at org.testng.internal.TestMethodWorker.run(TestMethodWorker.java:128)
at java.base/java.util.ArrayList.forEach(ArrayList.java:1511)
at org.testng.TestRunner.privateRun(TestRunner.java:764)
at org.testng.TestRunner.run(TestRunner.java:585)
at org.testng.SuiteRunner.runTest(SuiteRunner.java:384)
at org.testng.SuiteRunner.runSequentially(SuiteRunner.java:378)
at org.testng.SuiteRunner.privateRun(SuiteRunner.java:337)
at org.testng.SuiteRunner.run(SuiteRunner.java:286)
at org.testng.SuiteRunnerWorker.runSuite(SuiteRunnerWorker.java:53)
at org.testng.SuiteRunnerWorker.run(SuiteRunnerWorker.java:96)
at org.testng.TestNG.runSuitesSequentially(TestNG.java:1218)
at org.testng.TestNG.runSuitesLocally(TestNG.java:1140)
at org.testng.TestNG.runSuites(TestNG.java:1069)
at org.testng.TestNG.run(TestNG.java:1037)
at org.testng.remote.AbstractRemoteTestNG.run(AbstractRemoteTestNG.java:115)
at org.testng.remote.RemoteTestNG.initAndRun(RemoteTestNG.java:251)
at org.testng.remote.RemoteTestNG.main(RemoteTestNG.java:77)
]]>
            </full-stacktrace>
          </exception> <!-- java.lang.AssertionError -->
          <reporter-output>
          </reporter-output>
        </test-method> <!-- SeleniumTutorial -->
        <test-method is-config="true" signature="teardown()[pri:0, instance:TestScripts.TestNGGoogle@3315d2d7]" started-at="2023-12-14T14:58:47 GMT" name="teardown" finished-at="2023-12-14T14:58:47 GMT" duration-ms="262" status="PASS">
          <reporter-output>
          </reporter-output>
        </test-method> <!-- teardown -->
        <test-method is-config="true" signature="pageSetUp()[pri:0, instance:TestScripts.TestNGGoogle@3315d2d7]" started-at="2023-12-14T14:58:47 GMT" name="pageSetUp" finished-at="2023-12-14T14:58:48 GMT" duration-ms="1329" status="PASS">
          <reporter-output>
          </reporter-output>
        </test-method> <!-- pageSetUp -->
        <test-method signature="JavaTutorial()[pri:0, instance:TestScripts.TestNGGoogle@3315d2d7]" started-at="2023-12-14T14:58:48 GMT" name="JavaTutorial" finished-at="2023-12-14T14:58:52 GMT" depends-on-methods="TestScripts.TestNGGoogle.SeleniumTutorial" duration-ms="3374" status="PASS">
          <reporter-output>
          </reporter-output>
        </test-method> <!-- JavaTutorial -->
        <test-method is-config="true" signature="teardown()[pri:0, instance:TestScripts.TestNGGoogle@3315d2d7]" started-at="2023-12-14T14:58:52 GMT" name="teardown" finished-at="2023-12-14T14:58:52 GMT" duration-ms="130" status="PASS">
          <reporter-output>
          </reporter-output>
        </test-method> <!-- teardown -->
      </class> <!-- TestScripts.TestNGGoogle -->
    </test> <!-- Default test -->
  </suite> <!-- Default suite -->
</testng-results>
